This file contains any messages produced by compilers while
running configure, to aid debugging if configure makes a mistake.

It was created by configure, which was
generated by GNU Autoconf 2.68.  Invocation command line was

  $ ./configure --host=unicore32-linux --build=i686-linux --prefix=/usr/local/mplayer --enable-shared CC=unicore32-linux-gcc

## --------- ##
## Platform. ##
## --------- ##

hostname = XT-CHENGM-063
uname -m = i686
uname -r = 3.0.0-14-generic-pae
uname -s = Linux
uname -v = #23-Ubuntu SMP Mon Nov 21 22:07:10 UTC 2011

/usr/bin/uname -p = unknown
/bin/uname -X     = unknown

/bin/arch              = unknown
/usr/bin/arch -k       = unknown
/usr/convex/getsysinfo = unknown
/usr/bin/hostinfo      = unknown
/bin/machine           = unknown
/usr/bin/oslevel       = unknown
/bin/universe          = unknown

PATH: /usr/lib/lightdm/lightdm
PATH: /usr/local/sbin
PATH: /usr/local/bin
PATH: /usr/sbin
PATH: /usr/bin
PATH: /sbin
PATH: /bin
PATH: /usr/games
PATH: /usr/unicore/gnu-toolchain-unicore/uc4-1.0-beta-hard-RHELAS5/bin
PATH: /usr/local/Trolltech/QtEmbedded-4.7.4-generic/bin/


## ----------- ##
## Core tests. ##
## ----------- ##

configure:2735: checking build system type
configure:2749: result: i686-pc-linux-gnu
configure:2769: checking host system type
configure:2782: result: unicore32-unknown-linux-gnu
configure:2818: checking for a BSD-compatible install
configure:2886: result: /usr/bin/install -c
configure:2897: checking whether build environment is sane
configure:2947: result: yes
configure:2996: checking for unicore32-linux-strip
configure:3012: found /usr/unicore/gnu-toolchain-unicore/uc4-1.0-beta-hard-RHELAS5/bin/unicore32-linux-strip
configure:3023: result: unicore32-linux-strip
configure:3088: checking for a thread-safe mkdir -p
configure:3127: result: /bin/mkdir -p
configure:3140: checking for gawk
configure:3170: result: no
configure:3140: checking for mawk
configure:3156: found /usr/bin/mawk
configure:3167: result: mawk
configure:3178: checking whether make sets $(MAKE)
configure:3200: result: yes
configure:3333: checking for unicore32-linux-gcc
configure:3360: result: unicore32-linux-gcc
configure:3629: checking for C compiler version
configure:3638: unicore32-linux-gcc --version >&5
unicore32-linux-gcc (UC4_1.0-beta_20100415) 4.4.2
Copyright (C) 2009 Free Software Foundation, Inc.
This is free software; see the source for copying conditions.  There is NO
warranty; not even for MERCHANTABILITY or FITNESS FOR A PARTICULAR PURPOSE.

configure:3649: $? = 0
configure:3638: unicore32-linux-gcc -v >&5
Using built-in specs.
Target: unicore32-linux
Configured with: /home/huangmingkai/trunk/gcc-4.4.2/configure --target=unicore32-linux --prefix=/usr/unicore/gnu-toolchain-unicore/uc4-1.0-beta-hard-RHELAS5 --enable-clocale=gnu --enable-shared --enable-threads=posix --enable-__cxa_atexit --enable-languages=c,c++,fortran --disable-multilib --disable-libstdcxx-pch --with-headers=/usr/unicore/gnu-toolchain-unicore/uc4-1.0-beta-hard-RHELAS5/unicore32-linux/include --with-pkgversion=UC4_1.0-beta_20100415
Thread model: posix
gcc version 4.4.2 (UC4_1.0-beta_20100415) 
configure:3649: $? = 0
configure:3638: unicore32-linux-gcc -V >&5
unicore32-linux-gcc: '-V' option must have argument
configure:3649: $? = 1
configure:3638: unicore32-linux-gcc -qversion >&5
unicore32-linux-gcc: unrecognized option '-qversion'
unicore32-linux-gcc: no input files
configure:3649: $? = 1
configure:3669: checking whether the C compiler works
configure:3691: unicore32-linux-gcc  -D_GNU_SOURCE   conftest.c  >&5
configure:3695: $? = 0
configure:3743: result: yes
configure:3746: checking for C compiler default output file name
configure:3748: result: a.out
configure:3754: checking for suffix of executables
configure:3761: unicore32-linux-gcc -o conftest  -D_GNU_SOURCE   conftest.c  >&5
configure:3765: $? = 0
configure:3787: result: 
configure:3809: checking whether we are cross compiling
configure:3847: result: yes
configure:3852: checking for suffix of object files
configure:3874: unicore32-linux-gcc -c  -D_GNU_SOURCE  conftest.c >&5
configure:3878: $? = 0
configure:3899: result: o
configure:3903: checking whether we are using the GNU C compiler
configure:3922: unicore32-linux-gcc -c  -D_GNU_SOURCE  conftest.c >&5
configure:3922: $? = 0
configure:3931: result: yes
configure:3940: checking whether unicore32-linux-gcc accepts -g
configure:3960: unicore32-linux-gcc -c -g  conftest.c >&5
configure:3960: $? = 0
configure:4001: result: yes
configure:4018: checking for unicore32-linux-gcc option to accept ISO C89
configure:4082: unicore32-linux-gcc  -c  -D_GNU_SOURCE  conftest.c >&5
configure:4082: $? = 0
configure:4095: result: none needed
configure:4126: checking for style of include used by make
configure:4154: result: GNU
configure:4179: checking dependency style of unicore32-linux-gcc
configure:4289: result: gcc3
configure:4309: checking how to run the C preprocessor
configure:4340: unicore32-linux-gcc -E  conftest.c
configure:4340: $? = 0
configure:4354: unicore32-linux-gcc -E  conftest.c
conftest.c:11:28: error: ac_nonexistent.h: No such file or directory
configure:4354: $? = 1
configure: failed program was:
| /* confdefs.h */
| #define PACKAGE_NAME ""
| #define PACKAGE_TARNAME ""
| #define PACKAGE_VERSION ""
| #define PACKAGE_STRING ""
| #define PACKAGE_BUGREPORT ""
| #define PACKAGE_URL ""
| #define PACKAGE "alsa-lib"
| #define VERSION "1.0.24.1"
| /* end confdefs.h.  */
| #include <ac_nonexistent.h>
configure:4379: result: unicore32-linux-gcc -E
configure:4399: unicore32-linux-gcc -E  conftest.c
configure:4399: $? = 0
configure:4413: unicore32-linux-gcc -E  conftest.c
conftest.c:11:28: error: ac_nonexistent.h: No such file or directory
configure:4413: $? = 1
configure: failed program was:
| /* confdefs.h */
| #define PACKAGE_NAME ""
| #define PACKAGE_TARNAME ""
| #define PACKAGE_VERSION ""
| #define PACKAGE_STRING ""
| #define PACKAGE_BUGREPORT ""
| #define PACKAGE_URL ""
| #define PACKAGE "alsa-lib"
| #define VERSION "1.0.24.1"
| /* end confdefs.h.  */
| #include <ac_nonexistent.h>
configure:4442: checking whether ln -s works
configure:4446: result: yes
configure:4528: checking for a sed that does not truncate output
configure:4582: result: /bin/sed
configure:4585: checking for grep that handles long lines and -e
configure:4643: result: /bin/grep
configure:4648: checking for egrep
configure:4710: result: /bin/grep -E
configure:4726: checking for ld used by unicore32-linux-gcc
configure:4793: result: /usr/unicore/gnu-toolchain-unicore/uc4-1.0-beta-hard-RHELAS5/unicore32-linux/bin/ld
configure:4800: checking if the linker (/usr/unicore/gnu-toolchain-unicore/uc4-1.0-beta-hard-RHELAS5/unicore32-linux/bin/ld) is GNU ld
configure:4815: result: yes
configure:4820: checking for /usr/unicore/gnu-toolchain-unicore/uc4-1.0-beta-hard-RHELAS5/unicore32-linux/bin/ld option to reload object files
configure:4827: result: -r
configure:4845: checking for BSD-compatible nm
configure:4894: result: /usr/unicore/gnu-toolchain-unicore/uc4-1.0-beta-hard-RHELAS5/bin/unicore32-linux-nm -B
configure:4898: checking how to recognise dependent libraries
configure:5074: result: pass_all
configure:5279: checking for ANSI C header files
configure:5299: unicore32-linux-gcc -c  -D_GNU_SOURCE  conftest.c >&5
configure:5299: $? = 0
configure:5383: result: yes
configure:5396: checking for sys/types.h
configure:5396: unicore32-linux-gcc -c  -D_GNU_SOURCE  conftest.c >&5
configure:5396: $? = 0
configure:5396: result: yes
configure:5396: checking for sys/stat.h
configure:5396: unicore32-linux-gcc -c  -D_GNU_SOURCE  conftest.c >&5
configure:5396: $? = 0
configure:5396: result: yes
configure:5396: checking for stdlib.h
configure:5396: unicore32-linux-gcc -c  -D_GNU_SOURCE  conftest.c >&5
configure:5396: $? = 0
configure:5396: result: yes
configure:5396: checking for string.h
configure:5396: unicore32-linux-gcc -c  -D_GNU_SOURCE  conftest.c >&5
configure:5396: $? = 0
configure:5396: result: yes
configure:5396: checking for memory.h
configure:5396: unicore32-linux-gcc -c  -D_GNU_SOURCE  conftest.c >&5
configure:5396: $? = 0
configure:5396: result: yes
configure:5396: checking for strings.h
configure:5396: unicore32-linux-gcc -c  -D_GNU_SOURCE  conftest.c >&5
configure:5396: $? = 0
configure:5396: result: yes
configure:5396: checking for inttypes.h
configure:5396: unicore32-linux-gcc -c  -D_GNU_SOURCE  conftest.c >&5
configure:5396: $? = 0
configure:5396: result: yes
configure:5396: checking for stdint.h
configure:5396: unicore32-linux-gcc -c  -D_GNU_SOURCE  conftest.c >&5
configure:5396: $? = 0
configure:5396: result: yes
configure:5396: checking for unistd.h
configure:5396: unicore32-linux-gcc -c  -D_GNU_SOURCE  conftest.c >&5
configure:5396: $? = 0
configure:5396: result: yes
configure:5410: checking dlfcn.h usability
configure:5410: unicore32-linux-gcc -c  -D_GNU_SOURCE  conftest.c >&5
configure:5410: $? = 0
configure:5410: result: yes
configure:5410: checking dlfcn.h presence
configure:5410: unicore32-linux-gcc -E  conftest.c
configure:5410: $? = 0
configure:5410: result: yes
configure:5410: checking for dlfcn.h
configure:5410: result: yes
configure:5434: checking for unicore32-linux-g++
configure:5450: found /usr/unicore/gnu-toolchain-unicore/uc4-1.0-beta-hard-RHELAS5/bin/unicore32-linux-g++
configure:5461: result: unicore32-linux-g++
configure:5532: checking for C++ compiler version
configure:5541: unicore32-linux-g++ --version >&5
unicore32-linux-g++ (UC4_1.0-beta_20100415) 4.4.2
Copyright (C) 2009 Free Software Foundation, Inc.
This is free software; see the source for copying conditions.  There is NO
warranty; not even for MERCHANTABILITY or FITNESS FOR A PARTICULAR PURPOSE.

configure:5552: $? = 0
configure:5541: unicore32-linux-g++ -v >&5
Using built-in specs.
Target: unicore32-linux
Configured with: /home/huangmingkai/trunk/gcc-4.4.2/configure --target=unicore32-linux --prefix=/usr/unicore/gnu-toolchain-unicore/uc4-1.0-beta-hard-RHELAS5 --enable-clocale=gnu --enable-shared --enable-threads=posix --enable-__cxa_atexit --enable-languages=c,c++,fortran --disable-multilib --disable-libstdcxx-pch --with-headers=/usr/unicore/gnu-toolchain-unicore/uc4-1.0-beta-hard-RHELAS5/unicore32-linux/include --with-pkgversion=UC4_1.0-beta_20100415
Thread model: posix
gcc version 4.4.2 (UC4_1.0-beta_20100415) 
configure:5552: $? = 0
configure:5541: unicore32-linux-g++ -V >&5
unicore32-linux-g++: '-V' option must have argument
configure:5552: $? = 1
configure:5541: unicore32-linux-g++ -qversion >&5
unicore32-linux-g++: unrecognized option '-qversion'
unicore32-linux-g++: no input files
configure:5552: $? = 1
configure:5556: checking whether we are using the GNU C++ compiler
configure:5575: unicore32-linux-g++ -c   conftest.cpp >&5
configure:5575: $? = 0
configure:5584: result: yes
configure:5593: checking whether unicore32-linux-g++ accepts -g
configure:5613: unicore32-linux-g++ -c -g  conftest.cpp >&5
configure:5613: $? = 0
configure:5654: result: yes
configure:5679: checking dependency style of unicore32-linux-g++
configure:5789: result: gcc3
configure:5814: checking how to run the C++ preprocessor
configure:5841: unicore32-linux-g++ -E  conftest.cpp
configure:5841: $? = 0
configure:5855: unicore32-linux-g++ -E  conftest.cpp
conftest.cpp:22:28: error: ac_nonexistent.h: No such file or directory
configure:5855: $? = 1
configure: failed program was:
| /* confdefs.h */
| #define PACKAGE_NAME ""
| #define PACKAGE_TARNAME ""
| #define PACKAGE_VERSION ""
| #define PACKAGE_STRING ""
| #define PACKAGE_BUGREPORT ""
| #define PACKAGE_URL ""
| #define PACKAGE "alsa-lib"
| #define VERSION "1.0.24.1"
| #define STDC_HEADERS 1
| #define HAVE_SYS_TYPES_H 1
| #define HAVE_SYS_STAT_H 1
| #define HAVE_STDLIB_H 1
| #define HAVE_STRING_H 1
| #define HAVE_MEMORY_H 1
| #define HAVE_STRINGS_H 1
| #define HAVE_INTTYPES_H 1
| #define HAVE_STDINT_H 1
| #define HAVE_UNISTD_H 1
| #define HAVE_DLFCN_H 1
| /* end confdefs.h.  */
| #include <ac_nonexistent.h>
configure:5880: result: unicore32-linux-g++ -E
configure:5900: unicore32-linux-g++ -E  conftest.cpp
configure:5900: $? = 0
configure:5914: unicore32-linux-g++ -E  conftest.cpp
conftest.cpp:22:28: error: ac_nonexistent.h: No such file or directory
configure:5914: $? = 1
configure: failed program was:
| /* confdefs.h */
| #define PACKAGE_NAME ""
| #define PACKAGE_TARNAME ""
| #define PACKAGE_VERSION ""
| #define PACKAGE_STRING ""
| #define PACKAGE_BUGREPORT ""
| #define PACKAGE_URL ""
| #define PACKAGE "alsa-lib"
| #define VERSION "1.0.24.1"
| #define STDC_HEADERS 1
| #define HAVE_SYS_TYPES_H 1
| #define HAVE_SYS_STAT_H 1
| #define HAVE_STDLIB_H 1
| #define HAVE_STRING_H 1
| #define HAVE_MEMORY_H 1
| #define HAVE_STRINGS_H 1
| #define HAVE_INTTYPES_H 1
| #define HAVE_STDINT_H 1
| #define HAVE_UNISTD_H 1
| #define HAVE_DLFCN_H 1
| /* end confdefs.h.  */
| #include <ac_nonexistent.h>
configure:5954: checking for unicore32-linux-g77
configure:5984: result: no
configure:5954: checking for unicore32-linux-xlf
configure:5984: result: no
configure:5954: checking for unicore32-linux-f77
configure:5984: result: no
configure:5954: checking for unicore32-linux-frt
configure:5984: result: no
configure:5954: checking for unicore32-linux-pgf77
configure:5984: result: no
configure:5954: checking for unicore32-linux-cf77
configure:5984: result: no
configure:5954: checking for unicore32-linux-fort77
configure:5984: result: no
configure:5954: checking for unicore32-linux-fl32
configure:5984: result: no
configure:5954: checking for unicore32-linux-af77
configure:5984: result: no
configure:5954: checking for unicore32-linux-xlf90
configure:5984: result: no
configure:5954: checking for unicore32-linux-f90
configure:5984: result: no
configure:5954: checking for unicore32-linux-pgf90
configure:5984: result: no
configure:5954: checking for unicore32-linux-pghpf
configure:5984: result: no
configure:5954: checking for unicore32-linux-epcf90
configure:5984: result: no
configure:5954: checking for unicore32-linux-gfortran
configure:5970: found /usr/unicore/gnu-toolchain-unicore/uc4-1.0-beta-hard-RHELAS5/bin/unicore32-linux-gfortran
configure:5981: result: unicore32-linux-gfortran
configure:6051: checking for Fortran 77 compiler version
configure:6060: unicore32-linux-gfortran --version >&5
GNU Fortran (UC4_1.0-beta_20100415) 4.4.2
Copyright (C) 2009 Free Software Foundation, Inc.

GNU Fortran comes with NO WARRANTY, to the extent permitted by law.
You may redistribute copies of GNU Fortran
under the terms of the GNU General Public License.
For more information about these matters, see the file named COPYING

configure:6071: $? = 0
configure:6060: unicore32-linux-gfortran -v >&5
Using built-in specs.
Target: unicore32-linux
Configured with: /home/huangmingkai/trunk/gcc-4.4.2/configure --target=unicore32-linux --prefix=/usr/unicore/gnu-toolchain-unicore/uc4-1.0-beta-hard-RHELAS5 --enable-clocale=gnu --enable-shared --enable-threads=posix --enable-__cxa_atexit --enable-languages=c,c++,fortran --disable-multilib --disable-libstdcxx-pch --with-headers=/usr/unicore/gnu-toolchain-unicore/uc4-1.0-beta-hard-RHELAS5/unicore32-linux/include --with-pkgversion=UC4_1.0-beta_20100415
Thread model: posix
gcc version 4.4.2 (UC4_1.0-beta_20100415) 
configure:6071: $? = 0
configure:6060: unicore32-linux-gfortran -V >&5
unicore32-linux-gfortran: '-V' option must have argument
configure:6071: $? = 1
configure:6060: unicore32-linux-gfortran -qversion >&5
unicore32-linux-gfortran: unrecognized option '-qversion'
unicore32-linux-gfortran: no input files
configure:6071: $? = 1
configure:6080: checking whether we are using the GNU Fortran 77 compiler
configure:6093: unicore32-linux-gfortran -c  conftest.F >&5
configure:6093: $? = 0
configure:6102: result: yes
configure:6108: checking whether unicore32-linux-gfortran accepts -g
configure:6119: unicore32-linux-gfortran -c -g conftest.f >&5
configure:6119: $? = 0
configure:6127: result: yes
configure:6161: checking the maximum length of command line arguments
configure:6270: result: 32768
configure:6281: checking command to parse /usr/unicore/gnu-toolchain-unicore/uc4-1.0-beta-hard-RHELAS5/bin/unicore32-linux-nm -B output from unicore32-linux-gcc object
configure:6386: unicore32-linux-gcc -c  -D_GNU_SOURCE  conftest.c >&5
configure:6389: $? = 0
configure:6393: /usr/unicore/gnu-toolchain-unicore/uc4-1.0-beta-hard-RHELAS5/bin/unicore32-linux-nm -B conftest.o \| sed -n -e 's/^.*[ 	]\([ABCDGIRSTW][ABCDGIRSTW]*\)[ 	][ 	]*\([_A-Za-z][_A-Za-z0-9]*\)$/\1 \2 \2/p' \> conftest.nm
configure:6396: $? = 0
configure:6448: unicore32-linux-gcc -o conftest  -D_GNU_SOURCE   conftest.c conftstm.o >&5
configure:6451: $? = 0
configure:6489: result: ok
configure:6493: checking for objdir
configure:6508: result: .libs
configure:6560: checking for unicore32-linux-ar
configure:6576: found /usr/unicore/gnu-toolchain-unicore/uc4-1.0-beta-hard-RHELAS5/bin/unicore32-linux-ar
configure:6587: result: unicore32-linux-ar
configure:6652: checking for unicore32-linux-ranlib
configure:6668: found /usr/unicore/gnu-toolchain-unicore/uc4-1.0-beta-hard-RHELAS5/bin/unicore32-linux-ranlib
configure:6679: result: unicore32-linux-ranlib
configure:6744: checking for unicore32-linux-strip
configure:6771: result: unicore32-linux-strip
configure:7093: checking if unicore32-linux-gcc supports -fno-rtti -fno-exceptions
configure:7111: unicore32-linux-gcc -c  -D_GNU_SOURCE  -fno-rtti -fno-exceptions conftest.c >&5
cc1: warning: command line option "-fno-rtti" is valid for C++/ObjC++ but not for C
configure:7115: $? = 0
configure:7128: result: no
configure:7143: checking for unicore32-linux-gcc option to produce PIC
configure:7353: result: -fPIC
configure:7361: checking if unicore32-linux-gcc PIC flag -fPIC works
configure:7379: unicore32-linux-gcc -c  -D_GNU_SOURCE  -fPIC -DPIC conftest.c >&5
configure:7383: $? = 0
configure:7396: result: yes
configure:7424: checking if unicore32-linux-gcc static flag -static works
configure:7452: result: yes
configure:7462: checking if unicore32-linux-gcc supports -c -o file.o
configure:7483: unicore32-linux-gcc -c  -D_GNU_SOURCE  -o out/conftest2.o conftest.c >&5
configure:7487: $? = 0
configure:7509: result: yes
configure:7535: checking whether the unicore32-linux-gcc linker (/usr/unicore/gnu-toolchain-unicore/uc4-1.0-beta-hard-RHELAS5/unicore32-linux/bin/ld) supports shared libraries
configure:8435: result: yes
configure:8456: checking whether -lc should be explicitly linked in
configure:8461: unicore32-linux-gcc -c  -D_GNU_SOURCE  conftest.c >&5
configure:8464: $? = 0
configure:8479: unicore32-linux-gcc -shared conftest.o  -v -Wl,-soname -Wl,conftest -o conftest 2\>\&1 \| grep  -lc  \>/dev/null 2\>\&1
configure:8482: $? = 0
configure:8494: result: no
configure:8502: checking dynamic linker characteristics
configure:9090: result: GNU/Linux ld.so
configure:9099: checking how to hardcode library paths into programs
configure:9124: result: immediate
configure:9138: checking whether stripping libraries is possible
configure:9143: result: yes
configure:9241: checking for shl_load
configure:9241: unicore32-linux-gcc -o conftest  -D_GNU_SOURCE   conftest.c  >&5
/tmp/ccmhX1zB.o: In function `main':
conftest.c:(.text+0xc): undefined reference to `shl_load'
collect2: ld returned 1 exit status
configure:9241: $? = 1
configure: failed program was:
| /* confdefs.h */
| #define PACKAGE_NAME ""
| #define PACKAGE_TARNAME ""
| #define PACKAGE_VERSION ""
| #define PACKAGE_STRING ""
| #define PACKAGE_BUGREPORT ""
| #define PACKAGE_URL ""
| #define PACKAGE "alsa-lib"
| #define VERSION "1.0.24.1"
| #define STDC_HEADERS 1
| #define HAVE_SYS_TYPES_H 1
| #define HAVE_SYS_STAT_H 1
| #define HAVE_STDLIB_H 1
| #define HAVE_STRING_H 1
| #define HAVE_MEMORY_H 1
| #define HAVE_STRINGS_H 1
| #define HAVE_INTTYPES_H 1
| #define HAVE_STDINT_H 1
| #define HAVE_UNISTD_H 1
| #define HAVE_DLFCN_H 1
| /* end confdefs.h.  */
| /* Define shl_load to an innocuous variant, in case <limits.h> declares shl_load.
|    For example, HP-UX 11i <limits.h> declares gettimeofday.  */
| #define shl_load innocuous_shl_load
| 
| /* System header to define __stub macros and hopefully few prototypes,
|     which can conflict with char shl_load (); below.
|     Prefer <limits.h> to <assert.h> if __STDC__ is defined, since
|     <limits.h> exists even on freestanding compilers.  */
| 
| #ifdef __STDC__
| # include <limits.h>
| #else
| # include <assert.h>
| #endif
| 
| #undef shl_load
| 
| /* Override any GCC internal prototype to avoid an error.
|    Use char because int might match the return type of a GCC
|    builtin and then its argument prototype would still apply.  */
| #ifdef __cplusplus
| extern "C"
| #endif
| char shl_load ();
| /* The GNU C library defines this for functions which it implements
|     to always fail with ENOSYS.  Some functions are actually named
|     something starting with __ and the normal name is an alias.  */
| #if defined __stub_shl_load || defined __stub___shl_load
| choke me
| #endif
| 
| int
| main ()
| {
| return shl_load ();
|   ;
|   return 0;
| }
configure:9241: result: no
configure:9245: checking for shl_load in -ldld
configure:9270: unicore32-linux-gcc -o conftest  -D_GNU_SOURCE   conftest.c -ldld   >&5
/usr/unicore/gnu-toolchain-unicore/uc4-1.0-beta-hard-RHELAS5/lib/gcc/unicore32-linux/4.4.2/../../../../unicore32-linux/bin/ld: cannot find -ldld
collect2: ld returned 1 exit status
configure:9270: $? = 1
configure: failed program was:
| /* confdefs.h */
| #define PACKAGE_NAME ""
| #define PACKAGE_TARNAME ""
| #define PACKAGE_VERSION ""
| #define PACKAGE_STRING ""
| #define PACKAGE_BUGREPORT ""
| #define PACKAGE_URL ""
| #define PACKAGE "alsa-lib"
| #define VERSION "1.0.24.1"
| #define STDC_HEADERS 1
| #define HAVE_SYS_TYPES_H 1
| #define HAVE_SYS_STAT_H 1
| #define HAVE_STDLIB_H 1
| #define HAVE_STRING_H 1
| #define HAVE_MEMORY_H 1
| #define HAVE_STRINGS_H 1
| #define HAVE_INTTYPES_H 1
| #define HAVE_STDINT_H 1
| #define HAVE_UNISTD_H 1
| #define HAVE_DLFCN_H 1
| /* end confdefs.h.  */
| 
| /* Override any GCC internal prototype to avoid an error.
|    Use char because int might match the return type of a GCC
|    builtin and then its argument prototype would still apply.  */
| #ifdef __cplusplus
| extern "C"
| #endif
| char shl_load ();
| int
| main ()
| {
| return shl_load ();
|   ;
|   return 0;
| }
configure:9279: result: no
configure:9284: checking for dlopen
configure:9284: unicore32-linux-gcc -o conftest  -D_GNU_SOURCE   conftest.c  >&5
/tmp/ccSVFvTO.o: In function `main':
conftest.c:(.text+0xc): undefined reference to `dlopen'
collect2: ld returned 1 exit status
configure:9284: $? = 1
configure: failed program was:
| /* confdefs.h */
| #define PACKAGE_NAME ""
| #define PACKAGE_TARNAME ""
| #define PACKAGE_VERSION ""
| #define PACKAGE_STRING ""
| #define PACKAGE_BUGREPORT ""
| #define PACKAGE_URL ""
| #define PACKAGE "alsa-lib"
| #define VERSION "1.0.24.1"
| #define STDC_HEADERS 1
| #define HAVE_SYS_TYPES_H 1
| #define HAVE_SYS_STAT_H 1
| #define HAVE_STDLIB_H 1
| #define HAVE_STRING_H 1
| #define HAVE_MEMORY_H 1
| #define HAVE_STRINGS_H 1
| #define HAVE_INTTYPES_H 1
| #define HAVE_STDINT_H 1
| #define HAVE_UNISTD_H 1
| #define HAVE_DLFCN_H 1
| /* end confdefs.h.  */
| /* Define dlopen to an innocuous variant, in case <limits.h> declares dlopen.
|    For example, HP-UX 11i <limits.h> declares gettimeofday.  */
| #define dlopen innocuous_dlopen
| 
| /* System header to define __stub macros and hopefully few prototypes,
|     which can conflict with char dlopen (); below.
|     Prefer <limits.h> to <assert.h> if __STDC__ is defined, since
|     <limits.h> exists even on freestanding compilers.  */
| 
| #ifdef __STDC__
| # include <limits.h>
| #else
| # include <assert.h>
| #endif
| 
| #undef dlopen
| 
| /* Override any GCC internal prototype to avoid an error.
|    Use char because int might match the return type of a GCC
|    builtin and then its argument prototype would still apply.  */
| #ifdef __cplusplus
| extern "C"
| #endif
| char dlopen ();
| /* The GNU C library defines this for functions which it implements
|     to always fail with ENOSYS.  Some functions are actually named
|     something starting with __ and the normal name is an alias.  */
| #if defined __stub_dlopen || defined __stub___dlopen
| choke me
| #endif
| 
| int
| main ()
| {
| return dlopen ();
|   ;
|   return 0;
| }
configure:9284: result: no
configure:9288: checking for dlopen in -ldl
configure:9313: unicore32-linux-gcc -o conftest  -D_GNU_SOURCE   conftest.c -ldl   >&5
configure:9313: $? = 0
configure:9322: result: yes
configure:9441: checking whether a program can dlopen itself
configure:9536: result: cross
configure:9659: checking if libtool supports shared libraries
configure:9661: result: yes
configure:9664: checking whether to build shared libraries
configure:9685: result: yes
configure:9688: checking whether to build static libraries
configure:9692: result: no
configure:9784: creating libtool
configure:10368: checking for ld used by unicore32-linux-g++
configure:10435: result: /usr/unicore/gnu-toolchain-unicore/uc4-1.0-beta-hard-RHELAS5/unicore32-linux/bin/ld
configure:10442: checking if the linker (/usr/unicore/gnu-toolchain-unicore/uc4-1.0-beta-hard-RHELAS5/unicore32-linux/bin/ld) is GNU ld
configure:10457: result: yes
configure:10508: checking whether the unicore32-linux-g++ linker (/usr/unicore/gnu-toolchain-unicore/uc4-1.0-beta-hard-RHELAS5/unicore32-linux/bin/ld) supports shared libraries
configure:11388: result: yes
configure:11406: unicore32-linux-g++ -c -g -O2  conftest.cpp >&5
configure:11409: $? = 0
configure:11528: checking for unicore32-linux-g++ option to produce PIC
configure:11802: result: -fPIC
configure:11810: checking if unicore32-linux-g++ PIC flag -fPIC works
configure:11828: unicore32-linux-g++ -c -g -O2  -fPIC -DPIC conftest.cpp >&5
configure:11832: $? = 0
configure:11845: result: yes
configure:11873: checking if unicore32-linux-g++ static flag -static works
configure:11901: result: yes
configure:11911: checking if unicore32-linux-g++ supports -c -o file.o
configure:11932: unicore32-linux-g++ -c -g -O2  -o out/conftest2.o conftest.cpp >&5
configure:11936: $? = 0
configure:11958: result: yes
configure:11984: checking whether the unicore32-linux-g++ linker (/usr/unicore/gnu-toolchain-unicore/uc4-1.0-beta-hard-RHELAS5/unicore32-linux/bin/ld) supports shared libraries
configure:12009: result: yes
configure:12076: checking dynamic linker characteristics
configure:12664: result: GNU/Linux ld.so
configure:12673: checking how to hardcode library paths into programs
configure:12698: result: immediate
configure:13224: checking if libtool supports shared libraries
configure:13226: result: yes
configure:13229: checking whether to build shared libraries
configure:13249: result: yes
configure:13252: checking whether to build static libraries
configure:13256: result: no
configure:13266: checking for unicore32-linux-gfortran option to produce PIC
configure:13476: result: -fPIC
configure:13484: checking if unicore32-linux-gfortran PIC flag -fPIC works
configure:13502: unicore32-linux-gfortran -c -g -O2 -fPIC conftest.f >&5
configure:13506: $? = 0
configure:13519: result: yes
configure:13547: checking if unicore32-linux-gfortran static flag -static works
configure:13575: result: yes
configure:13585: checking if unicore32-linux-gfortran supports -c -o file.o
configure:13606: unicore32-linux-gfortran -c -g -O2 -o out/conftest2.o conftest.f >&5
configure:13610: $? = 0
configure:13632: result: yes
configure:13658: checking whether the unicore32-linux-gfortran linker (/usr/unicore/gnu-toolchain-unicore/uc4-1.0-beta-hard-RHELAS5/unicore32-linux/bin/ld) supports shared libraries
configure:14546: result: yes
configure:14613: checking dynamic linker characteristics
configure:15201: result: GNU/Linux ld.so
configure:15210: checking how to hardcode library paths into programs
configure:15235: result: immediate
configure:18737: checking for ANSI C header files
configure:18841: result: yes
configure:18852: checking for an ANSI C-conforming const
configure:18917: unicore32-linux-gcc -c  -D_GNU_SOURCE  conftest.c >&5
configure:18917: $? = 0
configure:18924: result: yes
configure:18932: checking for inline
configure:18948: unicore32-linux-gcc -c  -D_GNU_SOURCE  conftest.c >&5
configure:18948: $? = 0
configure:18956: result: inline
configure:18974: checking whether time.h and sys/time.h may both be included
configure:18994: unicore32-linux-gcc -c  -D_GNU_SOURCE  conftest.c >&5
configure:18994: $? = 0
configure:19001: result: yes
configure:19011: checking whether unicore32-linux-gcc needs -traditional
configure:19045: result: no
configure:19052: checking for hsearch_r
configure:19052: unicore32-linux-gcc -o conftest  -D_GNU_SOURCE   conftest.c  >&5
configure:19052: $? = 0
configure:19052: result: yes
configure:19067: checking for uselocale
configure:19067: unicore32-linux-gcc -o conftest  -D_GNU_SOURCE   conftest.c  >&5
configure:19067: $? = 0
configure:19067: result: yes
configure:19078: checking for library version
configure:19103: result: major 1 minor 0 subminor 24 extrastr  extraver 1000000
configure:19161: checking for versioned symbols
configure:19188: result: yes
configure:19207: checking for symbolic-functions
configure:19226: result: no
configure:19238: checking for custom symbol prefixes
configure:19251: result: 
configure:19254: checking for debug
configure:19265: result: yes
configure:19276: checking for debug assert
configure:19292: result: no
configure:19297: checking for tmpdir
configure:19307: result: /tmp
configure:19315: checking for softfloat
configure:19333: result: no
configure:19342: checking for libdl
configure:19353: checking for dlsym in -ldl
configure:19378: unicore32-linux-gcc -o conftest  -D_GNU_SOURCE   conftest.c -ldl   >&5
configure:19378: $? = 0
configure:19387: result: yes
configure:19412: checking for pthread
configure:19423: checking for pthread_join in -lpthread
configure:19448: unicore32-linux-gcc -o conftest  -D_GNU_SOURCE   conftest.c -lpthread   >&5
configure:19448: $? = 0
configure:19457: result: yes
configure:19474: checking for librt
configure:19485: checking for clock_gettime in -lrt
configure:19510: unicore32-linux-gcc -o conftest  -D_GNU_SOURCE   conftest.c -lrt   >&5
configure:19510: $? = 0
configure:19519: result: yes
configure:19541: checking for architecture
configure:19577: result: unicore32
configure:19585: checking wordexp.h usability
configure:19585: unicore32-linux-gcc -c  -D_GNU_SOURCE  conftest.c >&5
configure:19585: $? = 0
configure:19585: result: yes
configure:19585: checking wordexp.h presence
configure:19585: unicore32-linux-gcc -E  conftest.c
configure:19585: $? = 0
configure:19585: result: yes
configure:19585: checking for wordexp.h
configure:19585: result: yes
configure:19596: checking for resmgr support
configure:19605: result: no
configure:19660: checking for aload* support
configure:19669: result: yes
configure:19677: checking for ALSA device file directory
configure:19695: result: /dev/snd/
configure:19698: checking for aload* device file directory
configure:19716: result: /dev/
configure:20628: creating ./config.status

## ---------------------- ##
## Running config.status. ##
## ---------------------- ##

This file was extended by config.status, which was
generated by GNU Autoconf 2.68.  Invocation command line was

  CONFIG_FILES    = 
  CONFIG_HEADERS  = 
  CONFIG_LINKS    = 
  CONFIG_COMMANDS = 
  $ ./config.status 

on XT-CHENGM-063

config.status:1048: creating Makefile
config.status:1048: creating doc/Makefile
config.status:1048: creating doc/pictures/Makefile
config.status:1048: creating doc/doxygen.cfg
config.status:1048: creating include/Makefile
config.status:1048: creating include/sound/Makefile
config.status:1048: creating src/Versions
config.status:1048: creating src/Makefile
config.status:1048: creating src/control/Makefile
config.status:1048: creating src/mixer/Makefile
config.status:1048: creating src/pcm/Makefile
config.status:1048: creating src/pcm/scopes/Makefile
config.status:1048: creating src/rawmidi/Makefile
config.status:1048: creating src/timer/Makefile
config.status:1048: creating src/hwdep/Makefile
config.status:1048: creating src/seq/Makefile
config.status:1048: creating src/ucm/Makefile
config.status:1048: creating src/compat/Makefile
config.status:1048: creating src/alisp/Makefile
config.status:1048: creating src/conf/Makefile
config.status:1048: creating src/conf/cards/Makefile
config.status:1048: creating src/conf/pcm/Makefile
config.status:1048: creating modules/Makefile
config.status:1048: creating modules/mixer/Makefile
config.status:1048: creating modules/mixer/simple/Makefile
config.status:1048: creating alsalisp/Makefile
config.status:1048: creating aserver/Makefile
config.status:1048: creating test/Makefile
config.status:1048: creating test/lsb/Makefile
config.status:1048: creating utils/Makefile
config.status:1048: creating utils/alsa-lib.spec
config.status:1048: creating utils/alsa.pc
config.status:1048: creating include/config.h
config.status:1229: include/config.h is unchanged
config.status:1277: executing depfiles commands

## ---------------- ##
## Cache variables. ##
## ---------------- ##

ac_cv_build=i686-pc-linux-gnu
ac_cv_c_compiler_gnu=yes
ac_cv_c_const=yes
ac_cv_c_inline=inline
ac_cv_cxx_compiler_gnu=yes
ac_cv_env_CCC_set=
ac_cv_env_CCC_value=
ac_cv_env_CC_set=set
ac_cv_env_CC_value=unicore32-linux-gcc
ac_cv_env_CFLAGS_set=
ac_cv_env_CFLAGS_value=
ac_cv_env_CPPFLAGS_set=
ac_cv_env_CPPFLAGS_value=
ac_cv_env_CPP_set=
ac_cv_env_CPP_value=
ac_cv_env_CXXCPP_set=
ac_cv_env_CXXCPP_value=
ac_cv_env_CXXFLAGS_set=
ac_cv_env_CXXFLAGS_value=
ac_cv_env_CXX_set=
ac_cv_env_CXX_value=
ac_cv_env_F77_set=
ac_cv_env_F77_value=
ac_cv_env_FFLAGS_set=
ac_cv_env_FFLAGS_value=
ac_cv_env_LDFLAGS_set=
ac_cv_env_LDFLAGS_value=
ac_cv_env_LIBS_set=
ac_cv_env_LIBS_value=
ac_cv_env_build_alias_set=set
ac_cv_env_build_alias_value=i686-linux
ac_cv_env_host_alias_set=set
ac_cv_env_host_alias_value=unicore32-linux
ac_cv_env_target_alias_set=
ac_cv_env_target_alias_value=
ac_cv_f77_compiler_gnu=yes
ac_cv_func_dlopen=no
ac_cv_func_hsearch_r=yes
ac_cv_func_shl_load=no
ac_cv_func_uselocale=yes
ac_cv_header_dlfcn_h=yes
ac_cv_header_inttypes_h=yes
ac_cv_header_memory_h=yes
ac_cv_header_stdc=yes
ac_cv_header_stdint_h=yes
ac_cv_header_stdlib_h=yes
ac_cv_header_string_h=yes
ac_cv_header_strings_h=yes
ac_cv_header_sys_stat_h=yes
ac_cv_header_sys_types_h=yes
ac_cv_header_time=yes
ac_cv_header_unistd_h=yes
ac_cv_header_wordexp_h=yes
ac_cv_host=unicore32-unknown-linux-gnu
ac_cv_lib_dl_dlopen=yes
ac_cv_lib_dl_dlsym=yes
ac_cv_lib_dld_shl_load=no
ac_cv_lib_pthread_pthread_join=yes
ac_cv_lib_rt_clock_gettime=yes
ac_cv_objext=o
ac_cv_path_EGREP='/bin/grep -E'
ac_cv_path_GREP=/bin/grep
ac_cv_path_install='/usr/bin/install -c'
ac_cv_path_mkdir=/bin/mkdir
ac_cv_prog_AR=unicore32-linux-ar
ac_cv_prog_AWK=mawk
ac_cv_prog_CC=unicore32-linux-gcc
ac_cv_prog_CPP='unicore32-linux-gcc -E'
ac_cv_prog_CXX=unicore32-linux-g++
ac_cv_prog_CXXCPP='unicore32-linux-g++ -E'
ac_cv_prog_F77=unicore32-linux-gfortran
ac_cv_prog_RANLIB=unicore32-linux-ranlib
ac_cv_prog_STRIP=unicore32-linux-strip
ac_cv_prog_cc_c89=
ac_cv_prog_cc_g=yes
ac_cv_prog_cxx_g=yes
ac_cv_prog_f77_g=yes
ac_cv_prog_gcc_traditional=no
ac_cv_prog_make_make_set=yes
am_cv_CC_dependencies_compiler_type=gcc3
am_cv_CXX_dependencies_compiler_type=gcc3
lt_cv_deplibs_check_method=pass_all
lt_cv_dlopen=dlopen
lt_cv_dlopen_libs=-ldl
lt_cv_dlopen_self=cross
lt_cv_file_magic_cmd='$MAGIC_CMD'
lt_cv_file_magic_test_file=
lt_cv_ld_reload_flag=-r
lt_cv_objdir=.libs
lt_cv_path_LD=/usr/unicore/gnu-toolchain-unicore/uc4-1.0-beta-hard-RHELAS5/unicore32-linux/bin/ld
lt_cv_path_LDCXX=/usr/unicore/gnu-toolchain-unicore/uc4-1.0-beta-hard-RHELAS5/unicore32-linux/bin/ld
lt_cv_path_NM='/usr/unicore/gnu-toolchain-unicore/uc4-1.0-beta-hard-RHELAS5/bin/unicore32-linux-nm -B'
lt_cv_path_SED=/bin/sed
lt_cv_prog_compiler_c_o=yes
lt_cv_prog_compiler_c_o_CXX=yes
lt_cv_prog_compiler_c_o_F77=yes
lt_cv_prog_compiler_rtti_exceptions=no
lt_cv_prog_gnu_ld=yes
lt_cv_prog_gnu_ldcxx=yes
lt_cv_sys_global_symbol_pipe='sed -n -e '\''s/^.*[ 	]\([ABCDGIRSTW][ABCDGIRSTW]*\)[ 	][ 	]*\([_A-Za-z][_A-Za-z0-9]*\)$/\1 \2 \2/p'\'''
lt_cv_sys_global_symbol_to_c_name_address='sed -n -e '\''s/^: \([^ ]*\) $/  {\"\1\", (lt_ptr) 0},/p'\'' -e '\''s/^[BCDEGRST] \([^ ]*\) \([^ ]*\)$/  {"\2", (lt_ptr) \&\2},/p'\'''
lt_cv_sys_global_symbol_to_cdecl='sed -n -e '\''s/^. .* \(.*\)$/extern int \1;/p'\'''
lt_cv_sys_max_cmd_len=32768
lt_lt_cv_prog_compiler_c_o='"yes"'
lt_lt_cv_prog_compiler_c_o_CXX='"yes"'
lt_lt_cv_prog_compiler_c_o_F77='"yes"'
lt_lt_cv_sys_global_symbol_pipe='"sed -n -e '\''s/^.*[ 	]\\([ABCDGIRSTW][ABCDGIRSTW]*\\)[ 	][ 	]*\\([_A-Za-z][_A-Za-z0-9]*\\)\$/\\1 \\2 \\2/p'\''"'
lt_lt_cv_sys_global_symbol_to_c_name_address='"sed -n -e '\''s/^: \\([^ ]*\\) \$/  {\\\"\\1\\\", (lt_ptr) 0},/p'\'' -e '\''s/^[BCDEGRST] \\([^ ]*\\) \\([^ ]*\\)\$/  {\"\\2\", (lt_ptr) \\&\\2},/p'\''"'
lt_lt_cv_sys_global_symbol_to_cdecl='"sed -n -e '\''s/^. .* \\(.*\\)\$/extern int \\1;/p'\''"'

## ----------------- ##
## Output variables. ##
## ----------------- ##

ACLOCAL='${SHELL} /home/cgm/work/qihuan/mplayer/alsa-lib/alsa-lib-1.0.24.1/missing --run aclocal-1.11'
ALSA_CONFIG_DIR='/usr/local/mplayer/share/alsa'
ALSA_DEPLIBS='-lm -ldl -lpthread -lrt'
ALSA_HSEARCH_R_FALSE=''
ALSA_HSEARCH_R_TRUE='#'
ALSA_PLUGIN_DIR='/usr/local/mplayer/lib/alsa-lib'
AMDEPBACKSLASH='\'
AMDEP_FALSE='#'
AMDEP_TRUE=''
AMTAR='${SHELL} /home/cgm/work/qihuan/mplayer/alsa-lib/alsa-lib-1.0.24.1/missing --run tar'
AM_BACKSLASH='\'
AM_DEFAULT_VERBOSITY='0'
AR='unicore32-linux-ar'
AUTOCONF='${SHELL} /home/cgm/work/qihuan/mplayer/alsa-lib/alsa-lib-1.0.24.1/missing --run autoconf'
AUTOHEADER='${SHELL} /home/cgm/work/qihuan/mplayer/alsa-lib/alsa-lib-1.0.24.1/missing --run autoheader'
AUTOMAKE='${SHELL} /home/cgm/work/qihuan/mplayer/alsa-lib/alsa-lib-1.0.24.1/missing --run automake-1.11'
AWK='mawk'
BUILD_ALISP_FALSE='#'
BUILD_ALISP_TRUE=''
BUILD_CTL_PLUGIN_EXT_FALSE='#'
BUILD_CTL_PLUGIN_EXT_TRUE=''
BUILD_CTL_PLUGIN_FALSE='#'
BUILD_CTL_PLUGIN_SHM_FALSE='#'
BUILD_CTL_PLUGIN_SHM_TRUE=''
BUILD_CTL_PLUGIN_TRUE=''
BUILD_HWDEP_FALSE='#'
BUILD_HWDEP_TRUE=''
BUILD_MIXER_FALSE='#'
BUILD_MIXER_TRUE=''
BUILD_MODULES_FALSE='#'
BUILD_MODULES_TRUE=''
BUILD_PCM_FALSE='#'
BUILD_PCM_PLUGIN_ADPCM_FALSE='#'
BUILD_PCM_PLUGIN_ADPCM_TRUE=''
BUILD_PCM_PLUGIN_ALAW_FALSE='#'
BUILD_PCM_PLUGIN_ALAW_TRUE=''
BUILD_PCM_PLUGIN_ASYM_FALSE='#'
BUILD_PCM_PLUGIN_ASYM_TRUE=''
BUILD_PCM_PLUGIN_COPY_FALSE='#'
BUILD_PCM_PLUGIN_COPY_TRUE=''
BUILD_PCM_PLUGIN_DMIX_FALSE='#'
BUILD_PCM_PLUGIN_DMIX_TRUE=''
BUILD_PCM_PLUGIN_DSHARE_FALSE='#'
BUILD_PCM_PLUGIN_DSHARE_TRUE=''
BUILD_PCM_PLUGIN_DSNOOP_FALSE='#'
BUILD_PCM_PLUGIN_DSNOOP_TRUE=''
BUILD_PCM_PLUGIN_EMPTY_FALSE='#'
BUILD_PCM_PLUGIN_EMPTY_TRUE=''
BUILD_PCM_PLUGIN_EXTPLUG_FALSE='#'
BUILD_PCM_PLUGIN_EXTPLUG_TRUE=''
BUILD_PCM_PLUGIN_FALSE='#'
BUILD_PCM_PLUGIN_FILE_FALSE='#'
BUILD_PCM_PLUGIN_FILE_TRUE=''
BUILD_PCM_PLUGIN_HOOKS_FALSE='#'
BUILD_PCM_PLUGIN_HOOKS_TRUE=''
BUILD_PCM_PLUGIN_IEC958_FALSE='#'
BUILD_PCM_PLUGIN_IEC958_TRUE=''
BUILD_PCM_PLUGIN_IOPLUG_FALSE='#'
BUILD_PCM_PLUGIN_IOPLUG_TRUE=''
BUILD_PCM_PLUGIN_LADSPA_FALSE='#'
BUILD_PCM_PLUGIN_LADSPA_TRUE=''
BUILD_PCM_PLUGIN_LFLOAT_FALSE='#'
BUILD_PCM_PLUGIN_LFLOAT_TRUE=''
BUILD_PCM_PLUGIN_LINEAR_FALSE='#'
BUILD_PCM_PLUGIN_LINEAR_TRUE=''
BUILD_PCM_PLUGIN_METER_FALSE='#'
BUILD_PCM_PLUGIN_METER_TRUE=''
BUILD_PCM_PLUGIN_MMAP_EMUL_FALSE='#'
BUILD_PCM_PLUGIN_MMAP_EMUL_TRUE=''
BUILD_PCM_PLUGIN_MULAW_FALSE='#'
BUILD_PCM_PLUGIN_MULAW_TRUE=''
BUILD_PCM_PLUGIN_MULTI_FALSE='#'
BUILD_PCM_PLUGIN_MULTI_TRUE=''
BUILD_PCM_PLUGIN_NULL_FALSE='#'
BUILD_PCM_PLUGIN_NULL_TRUE=''
BUILD_PCM_PLUGIN_PLUG_FALSE='#'
BUILD_PCM_PLUGIN_PLUG_TRUE=''
BUILD_PCM_PLUGIN_RATE_FALSE='#'
BUILD_PCM_PLUGIN_RATE_TRUE=''
BUILD_PCM_PLUGIN_ROUTE_FALSE='#'
BUILD_PCM_PLUGIN_ROUTE_TRUE=''
BUILD_PCM_PLUGIN_SHARE_FALSE='#'
BUILD_PCM_PLUGIN_SHARE_TRUE=''
BUILD_PCM_PLUGIN_SHM_FALSE='#'
BUILD_PCM_PLUGIN_SHM_TRUE=''
BUILD_PCM_PLUGIN_SOFTVOL_FALSE='#'
BUILD_PCM_PLUGIN_SOFTVOL_TRUE=''
BUILD_PCM_PLUGIN_TRUE=''
BUILD_PCM_TRUE=''
BUILD_PYTHON_FALSE=''
BUILD_PYTHON_TRUE='#'
BUILD_RAWMIDI_FALSE='#'
BUILD_RAWMIDI_TRUE=''
BUILD_SEQ_FALSE='#'
BUILD_SEQ_TRUE=''
BUILD_UCM_FALSE='#'
BUILD_UCM_TRUE=''
CC='unicore32-linux-gcc'
CCDEPMODE='depmode=gcc3'
CFLAGS=' -D_GNU_SOURCE'
CPP='unicore32-linux-gcc -E'
CPPFLAGS=''
CXX='unicore32-linux-g++'
CXXCPP='unicore32-linux-g++ -E'
CXXDEPMODE='depmode=gcc3'
CXXFLAGS='-g -O2'
CYGPATH_W='echo'
DEFS='-DHAVE_CONFIG_H'
DEPDIR='.deps'
ECHO='echo'
ECHO_C=''
ECHO_N='-n'
ECHO_T=''
EGREP='/bin/grep -E'
EXEEXT=''
F77='unicore32-linux-gfortran'
FFLAGS='-g -O2'
GREP='/bin/grep'
INSTALL_DATA='${INSTALL} -m 644'
INSTALL_M4_FALSE='#'
INSTALL_M4_TRUE=''
INSTALL_PROGRAM='${INSTALL}'
INSTALL_SCRIPT='${INSTALL}'
INSTALL_STRIP_PROGRAM='$(install_sh) -c -s'
KEEP_OLD_SYMBOLS_FALSE='#'
KEEP_OLD_SYMBOLS_TRUE=''
LDFLAGS=''
LIBOBJS=''
LIBS=''
LIBTOOL='$(SHELL) $(top_builddir)/libtool'
LIBTOOL_VERSION_INFO='2:0:0'
LN_S='ln -s'
LTLIBOBJS=''
MAKEINFO='${SHELL} /home/cgm/work/qihuan/mplayer/alsa-lib/alsa-lib-1.0.24.1/missing --run makeinfo'
MKDIR_P='/bin/mkdir -p'
OBJEXT='o'
PACKAGE='alsa-lib'
PACKAGE_BUGREPORT=''
PACKAGE_NAME=''
PACKAGE_STRING=''
PACKAGE_TARNAME=''
PACKAGE_URL=''
PACKAGE_VERSION=''
PATH_SEPARATOR=':'
PYTHON_INCLUDES=''
PYTHON_LIBS=''
RANLIB='unicore32-linux-ranlib'
SET_MAKE=''
SHELL='/bin/bash'
SND_LIB_EXTRAVER='1000000'
SND_LIB_MAJOR='1'
SND_LIB_MINOR='0'
SND_LIB_SUBMINOR='24'
SND_LIB_VERSION='1.0.24.1'
STRIP='unicore32-linux-strip'
SYMBOLIC_FUNCTIONS_FALSE=''
SYMBOLIC_FUNCTIONS_TRUE='#'
SYMBOL_PREFIX=''
VERSION='1.0.24.1'
VERSIONED_SYMBOLS_FALSE='#'
VERSIONED_SYMBOLS_TRUE=''
ac_ct_CC=''
ac_ct_CXX=''
ac_ct_F77=''
am__EXEEXT_FALSE=''
am__EXEEXT_TRUE='#'
am__fastdepCC_FALSE='#'
am__fastdepCC_TRUE=''
am__fastdepCXX_FALSE='#'
am__fastdepCXX_TRUE=''
am__include='include'
am__isrc=''
am__leading_dot='.'
am__quote=''
am__tar='${AMTAR} chof - "$$tardir"'
am__untar='${AMTAR} xf -'
bindir='${exec_prefix}/bin'
build='i686-pc-linux-gnu'
build_alias='i686-linux'
build_cpu='i686'
build_os='linux-gnu'
build_vendor='pc'
datadir='${datarootdir}'
datarootdir='${prefix}/share'
docdir='${datarootdir}/doc/${PACKAGE}'
dvidir='${docdir}'
exec_prefix='/usr/local/mplayer'
host='unicore32-unknown-linux-gnu'
host_alias='unicore32-linux'
host_cpu='unicore32'
host_os='linux-gnu'
host_vendor='unknown'
htmldir='${docdir}'
includedir='${prefix}/include'
infodir='${datarootdir}/info'
install_sh='${SHELL} /home/cgm/work/qihuan/mplayer/alsa-lib/alsa-lib-1.0.24.1/install-sh'
libdir='${exec_prefix}/lib'
libexecdir='${exec_prefix}/libexec'
localedir='${datarootdir}/locale'
localstatedir='${prefix}/var'
mandir='${datarootdir}/man'
mkdir_p='/bin/mkdir -p'
oldincludedir='/usr/include'
pdfdir='${docdir}'
prefix='/usr/local/mplayer'
program_transform_name='s,x,x,'
psdir='${docdir}'
sbindir='${exec_prefix}/sbin'
sharedstatedir='${prefix}/com'
sysconfdir='${prefix}/etc'
target_alias=''

## ----------- ##
## confdefs.h. ##
## ----------- ##

/* confdefs.h */
#define PACKAGE_NAME ""
#define PACKAGE_TARNAME ""
#define PACKAGE_VERSION ""
#define PACKAGE_STRING ""
#define PACKAGE_BUGREPORT ""
#define PACKAGE_URL ""
#define PACKAGE "alsa-lib"
#define VERSION "1.0.24.1"
#define STDC_HEADERS 1
#define HAVE_SYS_TYPES_H 1
#define HAVE_SYS_STAT_H 1
#define HAVE_STDLIB_H 1
#define HAVE_STRING_H 1
#define HAVE_MEMORY_H 1
#define HAVE_STRINGS_H 1
#define HAVE_INTTYPES_H 1
#define HAVE_STDINT_H 1
#define HAVE_UNISTD_H 1
#define HAVE_DLFCN_H 1
#define STDC_HEADERS 1
#define TIME_WITH_SYS_TIME 1
#define HAVE_USELOCALE 1
#define VERSION "1.0.24.1"
#define ALSA_CONFIG_DIR "/usr/local/mplayer/share/alsa"
#define ALSA_PLUGIN_DIR "/usr/local/mplayer/lib/alsa-lib"
#define VERSIONED_SYMBOLS /**/
#define __SYMBOL_PREFIX ""
#define TMPDIR "/tmp"
#define HAVE_LIBDL 1
#define HAVE_LIBPTHREAD 1
#define HAVE_LIBRT 1
#define HAVE_CLOCK_GETTIME 1
#define HAVE_WORDEXP_H 1
#define SUPPORT_ALOAD "1"
#define ALSA_DEVICE_DIRECTORY "/dev/snd/"
#define ALOAD_DEVICE_DIRECTORY "/dev/"
#define BUILD_MIXER "1"
#define BUILD_PCM "1"
#define BUILD_RAWMIDI "1"
#define BUILD_HWDEP "1"
#define BUILD_SEQ "1"
#define BUILD_UCM "1"
#define BUILD_PCM_PLUGIN_RATE "1"
#define BUILD_PCM_PLUGIN_ROUTE "1"
#define BUILD_PCM_PLUGIN_LFLOAT "1"
#define BUILD_PCM_PLUGIN_ADPCM "1"
#define BUILD_PCM_PLUGIN_MULAW "1"
#define BUILD_PCM_PLUGIN_ALAW "1"
#define BUILD_PCM_PLUGIN_MMAP_EMUL "1"

configure: exit 0
