This file contains any messages produced by compilers while
running configure, to aid debugging if configure makes a mistake.

It was created by src/core/main.c configure 1.0, which was
generated by GNU Autoconf 2.68.  Invocation command line was

  $ ./configure --prefix=/home/cgm/target --host=unicore32-linux CFLAGS=-I../include

## --------- ##
## Platform. ##
## --------- ##

hostname = jerry-desktop
uname -m = x86_64
uname -r = 2.6.32-41-generic
uname -s = Linux
uname -v = #94-Ubuntu SMP Fri Jul 6 18:00:34 UTC 2012

/usr/bin/uname -p = unknown
/bin/uname -X     = unknown

/bin/arch              = unknown
/usr/bin/arch -k       = unknown
/usr/convex/getsysinfo = unknown
/usr/bin/hostinfo      = unknown
/bin/machine           = unknown
/usr/bin/oslevel       = unknown
/bin/universe          = unknown

PATH: /usr/local/sbin
PATH: /usr/local/bin
PATH: /usr/sbin
PATH: /usr/bin
PATH: /sbin
PATH: /bin
PATH: /usr/games
PATH: /usr/unicore/gnu-toolchain-unicore/uc4-1.0-beta-hard-RHELAS5/bin
PATH: /usr/unicore/gnu-toolchain-unicore/uc4-1.0-beta-hard-RHELAS5/bin


## ----------- ##
## Core tests. ##
## ----------- ##

configure:2276: checking for a BSD-compatible install
configure:2344: result: /usr/bin/install -c
configure:2355: checking whether build environment is sane
configure:2405: result: yes
configure:2454: checking for unicore32-linux-strip
configure:2470: found /usr/unicore/gnu-toolchain-unicore/uc4-1.0-beta-hard-RHELAS5/bin/unicore32-linux-strip
configure:2481: result: unicore32-linux-strip
configure:2546: checking for a thread-safe mkdir -p
configure:2585: result: /bin/mkdir -p
configure:2598: checking for gawk
configure:2614: found /usr/bin/gawk
configure:2625: result: gawk
configure:2636: checking whether make sets $(MAKE)
configure:2658: result: yes
configure:2748: checking for unicore32-linux-gcc
configure:2764: found /usr/unicore/gnu-toolchain-unicore/uc4-1.0-beta-hard-RHELAS5/bin/unicore32-linux-gcc
configure:2775: result: unicore32-linux-gcc
configure:3044: checking for C compiler version
configure:3053: unicore32-linux-gcc --version >&5
unicore32-linux-gcc (UC4_1.0-beta_20100415) 4.4.2
Copyright (C) 2009 Free Software Foundation, Inc.
This is free software; see the source for copying conditions.  There is NO
warranty; not even for MERCHANTABILITY or FITNESS FOR A PARTICULAR PURPOSE.

configure:3064: $? = 0
configure:3053: unicore32-linux-gcc -v >&5
Using built-in specs.
Target: unicore32-linux
Configured with: /home/huangmingkai/trunk/gcc-4.4.2/configure --target=unicore32-linux --prefix=/usr/unicore/gnu-toolchain-unicore/uc4-1.0-beta-hard-RHELAS5 --enable-clocale=gnu --enable-shared --enable-threads=posix --enable-__cxa_atexit --enable-languages=c,c++,fortran --disable-multilib --disable-libstdcxx-pch --with-headers=/usr/unicore/gnu-toolchain-unicore/uc4-1.0-beta-hard-RHELAS5/unicore32-linux/include --with-pkgversion=UC4_1.0-beta_20100415
Thread model: posix
gcc version 4.4.2 (UC4_1.0-beta_20100415) 
configure:3064: $? = 0
configure:3053: unicore32-linux-gcc -V >&5
unicore32-linux-gcc: '-V' option must have argument
configure:3064: $? = 1
configure:3053: unicore32-linux-gcc -qversion >&5
unicore32-linux-gcc: unrecognized option '-qversion'
unicore32-linux-gcc: no input files
configure:3064: $? = 1
configure:3084: checking whether the C compiler works
configure:3106: unicore32-linux-gcc -I../include   conftest.c  >&5
configure:3110: $? = 0
configure:3158: result: yes
configure:3161: checking for C compiler default output file name
configure:3163: result: a.out
configure:3169: checking for suffix of executables
configure:3176: unicore32-linux-gcc -o conftest -I../include   conftest.c  >&5
configure:3180: $? = 0
configure:3202: result: 
configure:3224: checking whether we are cross compiling
configure:3232: unicore32-linux-gcc -o conftest -I../include   conftest.c  >&5
configure:3236: $? = 0
configure:3243: ./conftest
./configure: line 3245: ./conftest: cannot execute binary file
configure:3247: $? = 126
configure:3262: result: yes
configure:3267: checking for suffix of object files
configure:3289: unicore32-linux-gcc -c -I../include  conftest.c >&5
configure:3293: $? = 0
configure:3314: result: o
configure:3318: checking whether we are using the GNU C compiler
configure:3337: unicore32-linux-gcc -c -I../include  conftest.c >&5
configure:3337: $? = 0
configure:3346: result: yes
configure:3355: checking whether unicore32-linux-gcc accepts -g
configure:3375: unicore32-linux-gcc -c -g  conftest.c >&5
configure:3375: $? = 0
configure:3416: result: yes
configure:3433: checking for unicore32-linux-gcc option to accept ISO C89
configure:3497: unicore32-linux-gcc  -c -I../include  conftest.c >&5
configure:3497: $? = 0
configure:3510: result: none needed
configure:3541: checking for style of include used by make
configure:3569: result: GNU
configure:3595: checking dependency style of unicore32-linux-gcc
configure:3706: result: gcc3
configure:3724: checking for pthread_create in -lpthread
configure:3749: unicore32-linux-gcc -o conftest -I../include   conftest.c -lpthread   >&5
configure:3749: $? = 0
configure:3758: result: yes
configure:3772: checking for unicore32-linux-ranlib
configure:3788: found /usr/unicore/gnu-toolchain-unicore/uc4-1.0-beta-hard-RHELAS5/bin/unicore32-linux-ranlib
configure:3799: result: unicore32-linux-ranlib
configure:3868: checking how to run the C preprocessor
configure:3899: unicore32-linux-gcc -E  conftest.c
configure:3899: $? = 0
configure:3913: unicore32-linux-gcc -E  conftest.c
conftest.c:12:28: error: ac_nonexistent.h: No such file or directory
configure:3913: $? = 1
configure: failed program was:
| /* confdefs.h */
| #define PACKAGE_NAME "src/core/main.c"
| #define PACKAGE_TARNAME "src-core-main-c"
| #define PACKAGE_VERSION "1.0"
| #define PACKAGE_STRING "src/core/main.c 1.0"
| #define PACKAGE_BUGREPORT "chenguangming@wxseuic.com"
| #define PACKAGE_URL ""
| #define PACKAGE "wificar"
| #define VERSION "1.0"
| #define HAVE_LIBPTHREAD 1
| /* end confdefs.h.  */
| #include <ac_nonexistent.h>
configure:3938: result: unicore32-linux-gcc -E
configure:3958: unicore32-linux-gcc -E  conftest.c
configure:3958: $? = 0
configure:3972: unicore32-linux-gcc -E  conftest.c
conftest.c:12:28: error: ac_nonexistent.h: No such file or directory
configure:3972: $? = 1
configure: failed program was:
| /* confdefs.h */
| #define PACKAGE_NAME "src/core/main.c"
| #define PACKAGE_TARNAME "src-core-main-c"
| #define PACKAGE_VERSION "1.0"
| #define PACKAGE_STRING "src/core/main.c 1.0"
| #define PACKAGE_BUGREPORT "chenguangming@wxseuic.com"
| #define PACKAGE_URL ""
| #define PACKAGE "wificar"
| #define VERSION "1.0"
| #define HAVE_LIBPTHREAD 1
| /* end confdefs.h.  */
| #include <ac_nonexistent.h>
configure:4001: checking for grep that handles long lines and -e
configure:4059: result: /bin/grep
configure:4064: checking for egrep
configure:4126: result: /bin/grep -E
configure:4131: checking for ANSI C header files
configure:4151: unicore32-linux-gcc -c -I../include  conftest.c >&5
configure:4151: $? = 0
configure:4235: result: yes
configure:4248: checking for sys/types.h
configure:4248: unicore32-linux-gcc -c -I../include  conftest.c >&5
configure:4248: $? = 0
configure:4248: result: yes
configure:4248: checking for sys/stat.h
configure:4248: unicore32-linux-gcc -c -I../include  conftest.c >&5
configure:4248: $? = 0
configure:4248: result: yes
configure:4248: checking for stdlib.h
configure:4248: unicore32-linux-gcc -c -I../include  conftest.c >&5
configure:4248: $? = 0
configure:4248: result: yes
configure:4248: checking for string.h
configure:4248: unicore32-linux-gcc -c -I../include  conftest.c >&5
configure:4248: $? = 0
configure:4248: result: yes
configure:4248: checking for memory.h
configure:4248: unicore32-linux-gcc -c -I../include  conftest.c >&5
configure:4248: $? = 0
configure:4248: result: yes
configure:4248: checking for strings.h
configure:4248: unicore32-linux-gcc -c -I../include  conftest.c >&5
configure:4248: $? = 0
configure:4248: result: yes
configure:4248: checking for inttypes.h
configure:4248: unicore32-linux-gcc -c -I../include  conftest.c >&5
configure:4248: $? = 0
configure:4248: result: yes
configure:4248: checking for stdint.h
configure:4248: unicore32-linux-gcc -c -I../include  conftest.c >&5
configure:4248: $? = 0
configure:4248: result: yes
configure:4248: checking for unistd.h
configure:4248: unicore32-linux-gcc -c -I../include  conftest.c >&5
configure:4248: $? = 0
configure:4248: result: yes
configure:4263: checking fcntl.h usability
configure:4263: unicore32-linux-gcc -c -I../include  conftest.c >&5
configure:4263: $? = 0
configure:4263: result: yes
configure:4263: checking fcntl.h presence
configure:4263: unicore32-linux-gcc -E  conftest.c
configure:4263: $? = 0
configure:4263: result: yes
configure:4263: checking for fcntl.h
configure:4263: result: yes
configure:4263: checking for stdlib.h
configure:4263: result: yes
configure:4263: checking for string.h
configure:4263: result: yes
configure:4263: checking sys/file.h usability
configure:4263: unicore32-linux-gcc -c -I../include  conftest.c >&5
configure:4263: $? = 0
configure:4263: result: yes
configure:4263: checking sys/file.h presence
configure:4263: unicore32-linux-gcc -E  conftest.c
configure:4263: $? = 0
configure:4263: result: yes
configure:4263: checking for sys/file.h
configure:4263: result: yes
configure:4263: checking sys/ioctl.h usability
configure:4263: unicore32-linux-gcc -c -I../include  conftest.c >&5
configure:4263: $? = 0
configure:4263: result: yes
configure:4263: checking sys/ioctl.h presence
configure:4263: unicore32-linux-gcc -E  conftest.c
configure:4263: $? = 0
configure:4263: result: yes
configure:4263: checking for sys/ioctl.h
configure:4263: result: yes
configure:4263: checking sys/time.h usability
configure:4263: unicore32-linux-gcc -c -I../include  conftest.c >&5
configure:4263: $? = 0
configure:4263: result: yes
configure:4263: checking sys/time.h presence
configure:4263: unicore32-linux-gcc -E  conftest.c
configure:4263: $? = 0
configure:4263: result: yes
configure:4263: checking for sys/time.h
configure:4263: result: yes
configure:4263: checking for unistd.h
configure:4263: result: yes
configure:4275: checking for inline
configure:4291: unicore32-linux-gcc -c -I../include  conftest.c >&5
configure:4291: $? = 0
configure:4299: result: inline
configure:4317: checking for size_t
configure:4317: unicore32-linux-gcc -c -I../include  conftest.c >&5
configure:4317: $? = 0
configure:4317: unicore32-linux-gcc -c -I../include  conftest.c >&5
conftest.c: In function 'main':
conftest.c:65: error: expected expression before ')' token
configure:4317: $? = 1
configure: failed program was:
| /* confdefs.h */
| #define PACKAGE_NAME "src/core/main.c"
| #define PACKAGE_TARNAME "src-core-main-c"
| #define PACKAGE_VERSION "1.0"
| #define PACKAGE_STRING "src/core/main.c 1.0"
| #define PACKAGE_BUGREPORT "chenguangming@wxseuic.com"
| #define PACKAGE_URL ""
| #define PACKAGE "wificar"
| #define VERSION "1.0"
| #define HAVE_LIBPTHREAD 1
| #define STDC_HEADERS 1
| #define HAVE_SYS_TYPES_H 1
| #define HAVE_SYS_STAT_H 1
| #define HAVE_STDLIB_H 1
| #define HAVE_STRING_H 1
| #define HAVE_MEMORY_H 1
| #define HAVE_STRINGS_H 1
| #define HAVE_INTTYPES_H 1
| #define HAVE_STDINT_H 1
| #define HAVE_UNISTD_H 1
| #define HAVE_FCNTL_H 1
| #define HAVE_STDLIB_H 1
| #define HAVE_STRING_H 1
| #define HAVE_SYS_FILE_H 1
| #define HAVE_SYS_IOCTL_H 1
| #define HAVE_SYS_TIME_H 1
| #define HAVE_UNISTD_H 1
| /* end confdefs.h.  */
| #include <stdio.h>
| #ifdef HAVE_SYS_TYPES_H
| # include <sys/types.h>
| #endif
| #ifdef HAVE_SYS_STAT_H
| # include <sys/stat.h>
| #endif
| #ifdef STDC_HEADERS
| # include <stdlib.h>
| # include <stddef.h>
| #else
| # ifdef HAVE_STDLIB_H
| #  include <stdlib.h>
| # endif
| #endif
| #ifdef HAVE_STRING_H
| # if !defined STDC_HEADERS && defined HAVE_MEMORY_H
| #  include <memory.h>
| # endif
| # include <string.h>
| #endif
| #ifdef HAVE_STRINGS_H
| # include <strings.h>
| #endif
| #ifdef HAVE_INTTYPES_H
| # include <inttypes.h>
| #endif
| #ifdef HAVE_STDINT_H
| # include <stdint.h>
| #endif
| #ifdef HAVE_UNISTD_H
| # include <unistd.h>
| #endif
| int
| main ()
| {
| if (sizeof ((size_t)))
| 	    return 0;
|   ;
|   return 0;
| }
configure:4317: result: yes
configure:4328: checking for uint32_t
configure:4328: unicore32-linux-gcc -c -I../include  conftest.c >&5
configure:4328: $? = 0
configure:4328: result: yes
configure:4350: checking for stdlib.h
configure:4350: result: yes
configure:4350: checking for unistd.h
configure:4350: result: yes
configure:4350: checking for sys/param.h
configure:4350: unicore32-linux-gcc -c -I../include  conftest.c >&5
configure:4350: $? = 0
configure:4350: result: yes
configure:4370: checking for getpagesize
configure:4370: unicore32-linux-gcc -o conftest -I../include   conftest.c -lpthread  >&5
configure:4370: $? = 0
configure:4370: result: yes
configure:4379: checking for working mmap
configure:4536: result: no
configure:4548: checking for memset
configure:4548: unicore32-linux-gcc -o conftest -I../include   conftest.c -lpthread  >&5
conftest.c:56: warning: conflicting types for built-in function 'memset'
configure:4548: $? = 0
configure:4548: result: yes
configure:4548: checking for select
configure:4548: unicore32-linux-gcc -o conftest -I../include   conftest.c -lpthread  >&5
configure:4548: $? = 0
configure:4548: result: yes
configure:4548: checking for strerror
configure:4548: unicore32-linux-gcc -o conftest -I../include   conftest.c -lpthread  >&5
configure:4548: $? = 0
configure:4548: result: yes
configure:4690: creating ./config.status

## ---------------------- ##
## Running config.status. ##
## ---------------------- ##

This file was extended by src/core/main.c config.status 1.0, which was
generated by GNU Autoconf 2.68.  Invocation command line was

  CONFIG_FILES    = 
  CONFIG_HEADERS  = 
  CONFIG_LINKS    = 
  CONFIG_COMMANDS = 
  $ ./config.status 

on jerry-desktop

config.status:882: creating Makefile
config.status:882: creating src/Makefile
config.status:882: creating src/audio/Makefile
config.status:882: creating src/control/Makefile
config.status:882: creating src/core/Makefile
config.status:882: creating src/network/Makefile
config.status:882: creating src/video/Makefile
config.status:882: creating config.h
config.status:1111: executing depfiles commands

## ---------------- ##
## Cache variables. ##
## ---------------- ##

ac_cv_c_compiler_gnu=yes
ac_cv_c_inline=inline
ac_cv_c_uint32_t=yes
ac_cv_env_CC_set=
ac_cv_env_CC_value=
ac_cv_env_CFLAGS_set=set
ac_cv_env_CFLAGS_value=-I../include
ac_cv_env_CPPFLAGS_set=
ac_cv_env_CPPFLAGS_value=
ac_cv_env_CPP_set=
ac_cv_env_CPP_value=
ac_cv_env_LDFLAGS_set=
ac_cv_env_LDFLAGS_value=
ac_cv_env_LIBS_set=
ac_cv_env_LIBS_value=
ac_cv_env_build_alias_set=
ac_cv_env_build_alias_value=
ac_cv_env_host_alias_set=set
ac_cv_env_host_alias_value=unicore32-linux
ac_cv_env_target_alias_set=
ac_cv_env_target_alias_value=
ac_cv_func_getpagesize=yes
ac_cv_func_memset=yes
ac_cv_func_mmap_fixed_mapped=no
ac_cv_func_select=yes
ac_cv_func_strerror=yes
ac_cv_header_fcntl_h=yes
ac_cv_header_inttypes_h=yes
ac_cv_header_memory_h=yes
ac_cv_header_stdc=yes
ac_cv_header_stdint_h=yes
ac_cv_header_stdlib_h=yes
ac_cv_header_string_h=yes
ac_cv_header_strings_h=yes
ac_cv_header_sys_file_h=yes
ac_cv_header_sys_ioctl_h=yes
ac_cv_header_sys_param_h=yes
ac_cv_header_sys_stat_h=yes
ac_cv_header_sys_time_h=yes
ac_cv_header_sys_types_h=yes
ac_cv_header_unistd_h=yes
ac_cv_lib_pthread_pthread_create=yes
ac_cv_objext=o
ac_cv_path_EGREP='/bin/grep -E'
ac_cv_path_GREP=/bin/grep
ac_cv_path_install='/usr/bin/install -c'
ac_cv_path_mkdir=/bin/mkdir
ac_cv_prog_AWK=gawk
ac_cv_prog_CC=unicore32-linux-gcc
ac_cv_prog_CPP='unicore32-linux-gcc -E'
ac_cv_prog_RANLIB=unicore32-linux-ranlib
ac_cv_prog_STRIP=unicore32-linux-strip
ac_cv_prog_cc_c89=
ac_cv_prog_cc_g=yes
ac_cv_prog_make_make_set=yes
ac_cv_type_size_t=yes
am_cv_CC_dependencies_compiler_type=gcc3

## ----------------- ##
## Output variables. ##
## ----------------- ##

ACLOCAL='${SHELL} /home/jerry/work/server/pcare/missing --run aclocal-1.11'
AMDEPBACKSLASH='\'
AMDEP_FALSE='#'
AMDEP_TRUE=''
AMTAR='$${TAR-tar}'
AUTOCONF='${SHELL} /home/jerry/work/server/pcare/missing --run autoconf'
AUTOHEADER='${SHELL} /home/jerry/work/server/pcare/missing --run autoheader'
AUTOMAKE='${SHELL} /home/jerry/work/server/pcare/missing --run automake-1.11'
AWK='gawk'
CC='unicore32-linux-gcc'
CCDEPMODE='depmode=gcc3'
CFLAGS='-I../include'
CPP='unicore32-linux-gcc -E'
CPPFLAGS=''
CYGPATH_W='echo'
DEFS='-DHAVE_CONFIG_H'
DEPDIR='.deps'
ECHO_C=''
ECHO_N='-n'
ECHO_T=''
EGREP='/bin/grep -E'
EXEEXT=''
GREP='/bin/grep'
INSTALL_DATA='${INSTALL} -m 644'
INSTALL_PROGRAM='${INSTALL}'
INSTALL_SCRIPT='${INSTALL}'
INSTALL_STRIP_PROGRAM='$(install_sh) -c -s'
LDFLAGS=''
LIBOBJS=''
LIBS='-lpthread '
LTLIBOBJS=''
MAKEINFO='${SHELL} /home/jerry/work/server/pcare/missing --run makeinfo'
MKDIR_P='/bin/mkdir -p'
OBJEXT='o'
PACKAGE='wificar'
PACKAGE_BUGREPORT='chenguangming@wxseuic.com'
PACKAGE_NAME='src/core/main.c'
PACKAGE_STRING='src/core/main.c 1.0'
PACKAGE_TARNAME='src-core-main-c'
PACKAGE_URL=''
PACKAGE_VERSION='1.0'
PATH_SEPARATOR=':'
RANLIB='unicore32-linux-ranlib'
SET_MAKE=''
SHELL='/bin/bash'
STRIP='unicore32-linux-strip'
VERSION='1.0'
ac_ct_CC=''
am__EXEEXT_FALSE=''
am__EXEEXT_TRUE='#'
am__fastdepCC_FALSE='#'
am__fastdepCC_TRUE=''
am__include='include'
am__isrc=''
am__leading_dot='.'
am__nodep='_no'
am__quote=''
am__tar='$${TAR-tar} chof - "$$tardir"'
am__untar='$${TAR-tar} xf -'
bindir='${exec_prefix}/bin'
build_alias=''
datadir='${datarootdir}'
datarootdir='${prefix}/share'
docdir='${datarootdir}/doc/${PACKAGE_TARNAME}'
dvidir='${docdir}'
exec_prefix='${prefix}'
host_alias='unicore32-linux'
htmldir='${docdir}'
includedir='${prefix}/include'
infodir='${datarootdir}/info'
install_sh='${SHELL} /home/jerry/work/server/pcare/install-sh'
libdir='${exec_prefix}/lib'
libexecdir='${exec_prefix}/libexec'
localedir='${datarootdir}/locale'
localstatedir='${prefix}/var'
mandir='${datarootdir}/man'
mkdir_p='/bin/mkdir -p'
oldincludedir='/usr/include'
pdfdir='${docdir}'
prefix='/home/cgm/target'
program_transform_name='s,x,x,'
psdir='${docdir}'
sbindir='${exec_prefix}/sbin'
sharedstatedir='${prefix}/com'
sysconfdir='${prefix}/etc'
target_alias=''

## ----------- ##
## confdefs.h. ##
## ----------- ##

/* confdefs.h */
#define PACKAGE_NAME "src/core/main.c"
#define PACKAGE_TARNAME "src-core-main-c"
#define PACKAGE_VERSION "1.0"
#define PACKAGE_STRING "src/core/main.c 1.0"
#define PACKAGE_BUGREPORT "chenguangming@wxseuic.com"
#define PACKAGE_URL ""
#define PACKAGE "wificar"
#define VERSION "1.0"
#define HAVE_LIBPTHREAD 1
#define STDC_HEADERS 1
#define HAVE_SYS_TYPES_H 1
#define HAVE_SYS_STAT_H 1
#define HAVE_STDLIB_H 1
#define HAVE_STRING_H 1
#define HAVE_MEMORY_H 1
#define HAVE_STRINGS_H 1
#define HAVE_INTTYPES_H 1
#define HAVE_STDINT_H 1
#define HAVE_UNISTD_H 1
#define HAVE_FCNTL_H 1
#define HAVE_STDLIB_H 1
#define HAVE_STRING_H 1
#define HAVE_SYS_FILE_H 1
#define HAVE_SYS_IOCTL_H 1
#define HAVE_SYS_TIME_H 1
#define HAVE_UNISTD_H 1
#define HAVE_STDLIB_H 1
#define HAVE_UNISTD_H 1
#define HAVE_SYS_PARAM_H 1
#define HAVE_GETPAGESIZE 1
#define HAVE_MEMSET 1
#define HAVE_SELECT 1
#define HAVE_STRERROR 1

configure: exit 0
